xcode-select: error: tool 'xcodebuild' requires Xcode, but active developer directory '/Library/Developer/CommandLineTools' is a command line tools instance

xcode-select: error: tool 'xcodebuild' requires Xcode, but active developer directory '/Library/Developer/CommandLineTools' is a command line tools instance

In file included from ../ext/bson.cc:35:
../ext/bson.h:56:51: error: unknown type name 'Arguments'; did you mean 'v8::internal::Arguments'?
        static Handle<Value> BSONDeserializeStream(const Arguments &args);
                                                         ^~~~~~~~~
                                                         v8::internal::Arguments
/Users/macbook/.node-gyp/0.12.7/deps/v8/include/v8.h:127:7: note: 'v8::internal::Arguments' declared here
class Arguments;
      ^
In file included from ../ext/bson.cc:35:
../ext/bson.h:59:43: error: unknown type name 'Arguments'; did you mean 'v8::internal::Arguments'?
        static Handle<Value> BSONSerialize(const Arguments &args);
                                                 ^~~~~~~~~
                                                 v8::internal::Arguments
/Users/macbook/.node-gyp/0.12.7/deps/v8/include/v8.h:127:7: note: 'v8::internal::Arguments' declared here
class Arguments;
      ^
In file included from ../ext/bson.cc:35:
../ext/bson.h:60:45: error: unknown type name 'Arguments'; did you mean 'v8::internal::Arguments'?
        static Handle<Value> BSONDeserialize(const Arguments &args);
                                                   ^~~~~~~~~
                                                   v8::internal::Arguments
/Users/macbook/.node-gyp/0.12.7/deps/v8/include/v8.h:127:7: note: 'v8::internal::Arguments' declared here
class Arguments;
      ^
In file included from ../ext/bson.cc:35:
../ext/bson.h:63:49: error: unknown type name 'Arguments'; did you mean 'v8::internal::Arguments'?
        static Handle<Value> CalculateObjectSize(const Arguments &args);
                                                       ^~~~~~~~~
                                                       v8::internal::Arguments
/Users/macbook/.node-gyp/0.12.7/deps/v8/include/v8.h:127:7: note: 'v8::internal::Arguments' declared here
class Arguments;
      ^
In file included from ../ext/bson.cc:35:
../ext/bson.h:64:57: error: unknown type name 'Arguments'; did you mean 'v8::internal::Arguments'?
        static Handle<Value> SerializeWithBufferAndIndex(const Arguments &args);
                                                               ^~~~~~~~~
                                                               v8::internal::Arguments
/Users/macbook/.node-gyp/0.12.7/deps/v8/include/v8.h:127:7: note: 'v8::internal::Arguments' declared here
class Arguments;
      ^
In file included from ../ext/bson.cc:35:
../ext/bson.h:70:33: error: unknown type name 'Arguments'; did you mean 'v8::internal::Arguments'?
        static Handle<Value> New(const Arguments &args);
                                       ^~~~~~~~~
                                       v8::internal::Arguments
/Users/macbook/.node-gyp/0.12.7/deps/v8/include/v8.h:127:7: note: 'v8::internal::Arguments' declared here
class Arguments;
      ^
../ext/bson.cc:203:14: error: no matching member function for call to 'Has'
                if(object->Has(bson->_bsontypeString))
                   ~~~~~~~~^~~
/Users/macbook/.node-gyp/0.12.7/deps/v8/include/v8.h:2144:8: note: candidate function not viable: no known conversion from 'Persistent<v8::String>' to 'Handle<v8::Value>' for 1st argument
  bool Has(Handle<Value> key);
       ^
/Users/macbook/.node-gyp/0.12.7/deps/v8/include/v8.h:2152:8: note: candidate function not viable: no known conversion from 'Persistent<v8::String>' to 'uint32_t' (aka 'unsigned int') for 1st argument
  bool Has(uint32_t index);
       ^
../ext/bson.cc:206:23: error: member reference type 'Persistent<v8::String>' is not a pointer; maybe you meant to use '.'?
                        if(bson->longString->StrictEquals(constructorString))
                           ~~~~~~~~~~~~~~~~^~
                                           .
../ext/bson.cc:206:25: error: no member named 'StrictEquals' in 'v8::Persistent<v8::String, v8::NonCopyablePersistentTraits<v8::String> >'
                        if(bson->longString->StrictEquals(constructorString))
                           ~~~~~~~~~~~~~~~~  ^
../ext/bson.cc:212:33: error: member reference type 'Persistent<v8::String>' is not a pointer; maybe you meant to use '.'?
                        else if(bson->timestampString->StrictEquals(constructorString))
                                ~~~~~~~~~~~~~~~~~~~~~^~
                                                     .
../ext/bson.cc:212:35: error: no member named 'StrictEquals' in 'v8::Persistent<v8::String, v8::NonCopyablePersistentTraits<v8::String> >'
                        else if(bson->timestampString->StrictEquals(constructorString))
                                ~~~~~~~~~~~~~~~~~~~~~  ^
../ext/bson.cc:218:32: error: member reference type 'Persistent<v8::String>' is not a pointer; maybe you meant to use '.'?
                        else if(bson->objectIDString->StrictEquals(constructorString))
                                ~~~~~~~~~~~~~~~~~~~~^~
                                                    .
../ext/bson.cc:218:34: error: no member named 'StrictEquals' in 'v8::Persistent<v8::String, v8::NonCopyablePersistentTraits<v8::String> >'
                        else if(bson->objectIDString->StrictEquals(constructorString))
                                ~~~~~~~~~~~~~~~~~~~~  ^
../ext/bson.cc:223:30: error: member reference type 'Persistent<v8::String>' is not a pointer; maybe you meant to use '.'?
                        else if(bson->binaryString->StrictEquals(constructorString))
                                ~~~~~~~~~~~~~~~~~~^~
                                                  .
../ext/bson.cc:223:32: error: no member named 'StrictEquals' in 'v8::Persistent<v8::String, v8::NonCopyablePersistentTraits<v8::String> >'
                        else if(bson->binaryString->StrictEquals(constructorString))
                                ~~~~~~~~~~~~~~~~~~  ^
../ext/bson.cc:227:31: error: no matching member function for call to 'Get'
                                uint32_t length = object->Get(bson->_binaryPositionString)->Uint32Value();
                                                  ~~~~~~~~^~~
/Users/macbook/.node-gyp/0.12.7/deps/v8/include/v8.h:2128:16: note: candidate function not viable: no known conversion from 'Persistent<v8::String>' to 'Handle<v8::Value>' for 1st argument
  Local<Value> Get(Handle<Value> key);
               ^
/Users/macbook/.node-gyp/0.12.7/deps/v8/include/v8.h:2130:16: note: candidate function not viable: no known conversion from 'Persistent<v8::String>' to 'uint32_t' (aka 'unsigned int') for 1st argument
  Local<Value> Get(uint32_t index);
               ^
../ext/bson.cc:228:39: error: no matching member function for call to 'Get'
                                Local<Object> bufferObj = object->Get(bson->_binaryBufferString)->ToObject();
                                                          ~~~~~~~~^~~
/Users/macbook/.node-gyp/0.12.7/deps/v8/include/v8.h:2128:16: note: candidate function not viable: no known conversion from 'Persistent<v8::String>' to 'Handle<v8::Value>' for 1st argument
  Local<Value> Get(Handle<Value> key);
               ^
/Users/macbook/.node-gyp/0.12.7/deps/v8/include/v8.h:2130:16: note: candidate function not viable: no known conversion from 'Persistent<v8::String>' to 'uint32_t' (aka 'unsigned int') for 1st argument
  Local<Value> Get(uint32_t index);
               ^
../ext/bson.cc:233:16: error: no matching member function for call to 'Get'
                                if(object->Get(bson->_binarySubTypeString)->Int32Value() == 0x02) {
                                   ~~~~~~~~^~~
/Users/macbook/.node-gyp/0.12.7/deps/v8/include/v8.h:2128:16: note: candidate function not viable: no known conversion from 'Persistent<v8::String>' to 'Handle<v8::Value>' for 1st argument
  Local<Value> Get(Handle<Value> key);
               ^
/Users/macbook/.node-gyp/0.12.7/deps/v8/include/v8.h:2130:16: note: candidate function not viable: no known conversion from 'Persistent<v8::String>' to 'uint32_t' (aka 'unsigned int') for 1st argument
  Local<Value> Get(uint32_t index);
               ^
../ext/bson.cc:239:30: error: member reference type 'Persistent<v8::String>' is not a pointer; maybe you meant to use '.'?
                        else if(bson->doubleString->StrictEquals(constructorString))
                                ~~~~~~~~~~~~~~~~~~^~
                                                  .
fatal error: too many errors emitted, stopping now [-ferror-limit=]
20 errors generated.
make: *** [Release/obj.target/bson/ext/bson.o] Error 1
gyp ERR! build error 
gyp ERR! stack Error: `make` failed with exit code: 2
gyp ERR! stack     at ChildProcess.onExit (/usr/local/lib/node_modules/npm/node_modules/node-gyp/lib/build.js:269:23)
gyp ERR! stack     at ChildProcess.emit (events.js:110:17)
gyp ERR! stack     at Process.ChildProcess._handle.onexit (child_process.js:1074:12)
gyp ERR! System Darwin 14.4.0
gyp ERR! command "node" "/usr/local/lib/node_modules/npm/node_modules/node-gyp/bin/node-gyp.js" "rebuild"
gyp ERR! cwd /Users/macbook/developpement/node-js-getting-started/node_modules/mongoose/node_modules/mongodb/node_modules/bson
gyp ERR! node -v v0.12.7
gyp ERR! node-gyp -v v2.0.1
gyp ERR! not ok 
